[debug] [2024-04-19T12:46:28.875Z] ----------------------------------------------------------------------
[debug] [2024-04-19T12:46:28.877Z] Command:       C:\Program Files\nodejs\node.exe C:\Users\Lenovo\AppData\Roaming\npm\node_modules\firebase-tools\lib\bin\firebase.js init
[debug] [2024-04-19T12:46:28.877Z] CLI Version:   13.7.3
[debug] [2024-04-19T12:46:28.877Z] Platform:      win32
[debug] [2024-04-19T12:46:28.878Z] Node Version:  v18.17.0
[debug] [2024-04-19T12:46:28.878Z] Time:          Fri Apr 19 2024 18:16:28 GMT+0530 (India Standard Time)
[debug] [2024-04-19T12:46:28.878Z] ----------------------------------------------------------------------
[debug] 
[debug] [2024-04-19T12:46:28.883Z] > command requires scopes: ["email","openid","https://www.googleapis.com/auth/cloudplatformprojects.readonly","https://www.googleapis.com/auth/firebase","https://www.googleapis.com/auth/cloud-platform"]
[debug] [2024-04-19T12:46:28.884Z] > authorizing via signed-in user (nitinneryal4@gmail.com)
[info] 
     ######## #### ########  ######## ########     ###     ######  ########
     ##        ##  ##     ## ##       ##     ##  ##   ##  ##       ##
     ######    ##  ########  ######   ########  #########  ######  ######
     ##        ##  ##    ##  ##       ##     ## ##     ##       ## ##
     ##       #### ##     ## ######## ########  ##     ##  ######  ########

You're about to initialize a Firebase project in this directory:

  D:\expencetracker

[debug] [2024-04-19T20:49:18.196Z] ----------------------------------------------------------------------
[debug] [2024-04-19T20:49:18.197Z] Command:       C:\Program Files\nodejs\node.exe C:\Users\Lenovo\AppData\Roaming\npm\node_modules\firebase-tools\lib\bin\firebase.js init
[debug] [2024-04-19T20:49:18.197Z] CLI Version:   13.7.3
[debug] [2024-04-19T20:49:18.198Z] Platform:      win32
[debug] [2024-04-19T20:49:18.198Z] Node Version:  v18.17.0
[debug] [2024-04-19T20:49:18.198Z] Time:          Sat Apr 20 2024 02:19:18 GMT+0530 (India Standard Time)
[debug] [2024-04-19T20:49:18.198Z] ----------------------------------------------------------------------
[debug] 
[debug] [2024-04-19T20:49:18.203Z] > command requires scopes: ["email","openid","https://www.googleapis.com/auth/cloudplatformprojects.readonly","https://www.googleapis.com/auth/firebase","https://www.googleapis.com/auth/cloud-platform"]
[debug] [2024-04-19T20:49:18.204Z] > authorizing via signed-in user (nitinneryal4@gmail.com)
[info] 
     ######## #### ########  ######## ########     ###     ######  ########
     ##        ##  ##     ## ##       ##     ##  ##   ##  ##       ##
     ######    ##  ########  ######   ########  #########  ######  ######
     ##        ##  ##    ##  ##       ##     ## ##     ##       ## ##
     ##       #### ##     ## ######## ########  ##     ##  ######  ########

You're about to initialize a Firebase project in this directory:

  D:\expencetracker

[info] 
=== Project Setup
[info] 
[info] First, let's associate this project directory with a Firebase project.
[info] You can create multiple project aliases by running firebase use --add, 
[info] but for now we'll just set up a default project.
[info] 
[debug] [2024-04-19T20:50:18.394Z] > refreshing access token with scopes: []
[debug] [2024-04-19T20:50:18.395Z] >>> [apiv2][query] POST https://www.googleapis.com/oauth2/v3/token [none]
[debug] [2024-04-19T20:50:18.395Z] >>> [apiv2][body] POST https://www.googleapis.com/oauth2/v3/token [omitted]
[debug] [2024-04-19T20:50:19.230Z] <<< [apiv2][status] POST https://www.googleapis.com/oauth2/v3/token 200
[debug] [2024-04-19T20:50:19.230Z] <<< [apiv2][body] POST https://www.googleapis.com/oauth2/v3/token [omitted]
[debug] [2024-04-19T20:50:19.237Z] >>> [apiv2][query] GET https://firebase.googleapis.com/v1beta1/projects pageSize=100
[debug] [2024-04-19T20:50:20.500Z] <<< [apiv2][status] GET https://firebase.googleapis.com/v1beta1/projects 200
[debug] [2024-04-19T20:50:20.500Z] <<< [apiv2][body] GET https://firebase.googleapis.com/v1beta1/projects [omitted]
[info] i  Using project expence-tracker-cae6c (Expence-tracker) 
[info] 
=== Hosting Setup
[debug] [2024-04-19T20:50:51.531Z] >>> [apiv2][query] GET https://firebase.googleapis.com/v1beta1/projects/expence-tracker-cae6c [none]
[debug] [2024-04-19T20:50:52.154Z] <<< [apiv2][status] GET https://firebase.googleapis.com/v1beta1/projects/expence-tracker-cae6c 200
[debug] [2024-04-19T20:50:52.154Z] <<< [apiv2][body] GET https://firebase.googleapis.com/v1beta1/projects/expence-tracker-cae6c {"projectId":"expence-tracker-cae6c","projectNumber":"1062535407022","displayName":"Expence-tracker","name":"projects/expence-tracker-cae6c","resources":{"hostingSite":"expence-tracker-cae6c"},"state":"ACTIVE","etag":"1_0c0f77b1-f441-42f9-b5f0-acc302bf38b1"}
[info] 
[info] Your public directory is the folder (relative to your project directory) that
[info] will contain Hosting assets to be uploaded with firebase deploy. If you
[info] have a build process for your assets, use your build's output directory.
[info] 
[info] +  Wrote public/404.html 
[debug] [2024-04-19T20:51:28.653Z] >>> [apiv2][query] GET https://www.gstatic.com/firebasejs/releases.json [none]
[debug] [2024-04-19T20:51:28.941Z] <<< [apiv2][status] GET https://www.gstatic.com/firebasejs/releases.json 200
[debug] [2024-04-19T20:51:28.941Z] <<< [apiv2][body] GET https://www.gstatic.com/firebasejs/releases.json {"current":{"version":"10.11.0","browserURL":"https://www.gstatic.com/firebasejs/10.11.0/firebase.js","packageURL":"https://www.gstatic.com/firebasejs/10.11.0/firebase.tgz"},"live":{"version":"10.11","browserURL":"https://www.gstatic.com/firebasejs/live/10.11/firebase.js","packageURL":"https://www.gstatic.com/firebasejs/live/10.11/firebase.tgz"},"components":{"analytics":"https://www.gstatic.com/firebasejs/10.11.0/firebase-analytics.js","app":"https://www.gstatic.com/firebasejs/10.11.0/firebase-app.js","app-check":"https://www.gstatic.com/firebasejs/10.11.0/firebase-app-check.js","auth":"https://www.gstatic.com/firebasejs/10.11.0/firebase-auth.js","auth/cordova":"https://www.gstatic.com/firebasejs/10.11.0/firebase-auth/cordova.js","auth/web-extension":"https://www.gstatic.com/firebasejs/10.11.0/firebase-auth/web-extension.js","functions":"https://www.gstatic.com/firebasejs/10.11.0/firebase-functions.js","firestore":"https://www.gstatic.com/firebasejs/10.11.0/firebase-firestore.js","firestore/lite":"https://www.gstatic.com/firebasejs/10.11.0/firebase-firestore/lite.js","installations":"https://www.gstatic.com/firebasejs/10.11.0/firebase-installations.js","storage":"https://www.gstatic.com/firebasejs/10.11.0/firebase-storage.js","performance":"https://www.gstatic.com/firebasejs/10.11.0/firebase-performance.js","remote-config":"https://www.gstatic.com/firebasejs/10.11.0/firebase-remote-config.js","messaging":"https://www.gstatic.com/firebasejs/10.11.0/firebase-messaging.js","messaging/sw":"https://www.gstatic.com/firebasejs/10.11.0/firebase-messaging/sw.js","database":"https://www.gstatic.com/firebasejs/10.11.0/firebase-database.js","firestore.memory":"https://www.gstatic.com/firebasejs/10.11.0/firebase-firestore.memory.js"}}
[info] i  Skipping write of public/index.html 
[info] 
[info] i  Detected a .git folder at D:\expencetracker 
[info] i  Authorizing with GitHub to upload your service account to a GitHub repository's secrets store. 
[info] 
[info] Visit this URL on this device to log in:
[info] https://github.com/login/oauth/authorize?client_id=89cf50f02ac6aaed3484&state=130162306&redirect_uri=http%3A%2F%2Flocalhost%3A9005&scope=read%3Auser%20repo%20public_repo
[info] 
[info] Waiting for authentication...
[debug] [2024-04-19T20:52:23.484Z] >>> [apiv2][query] POST https://github.com/login/oauth/access_token [none]
[debug] [2024-04-19T20:52:23.484Z] >>> [apiv2][body] POST https://github.com/login/oauth/access_token [stream]
[debug] [2024-04-19T20:52:24.195Z] <<< [apiv2][status] POST https://github.com/login/oauth/access_token 200
[debug] [2024-04-19T20:52:24.195Z] <<< [apiv2][body] POST https://github.com/login/oauth/access_token {"access_token":"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","token_type":"bearer","scope":"read:user,repo"}
[debug] [2024-04-19T20:52:24.200Z] >>> [apiv2][query] GET https://api.github.com/user [none]
[debug] [2024-04-19T20:52:24.797Z] <<< [apiv2][status] GET https://api.github.com/user 200
[debug] [2024-04-19T20:52:24.797Z] <<< [apiv2][body] GET https://api.github.com/user {"login":"nitinneryalDev","id":156154045,"node_id":"U_kgDOCU64vQ","avatar_url":"https://avatars.githubusercontent.com/u/156154045?v=4","gravatar_id":"","url":"https://api.github.com/users/nitinneryalDev","html_url":"https://github.com/nitinneryalDev","followers_url":"https://api.github.com/users/nitinneryalDev/followers","following_url":"https://api.github.com/users/nitinneryalDev/following{/other_user}","gists_url":"https://api.github.com/users/nitinneryalDev/gists{/gist_id}","starred_url":"https://api.github.com/users/nitinneryalDev/starred{/owner}{/repo}","subscriptions_url":"https://api.github.com/users/nitinneryalDev/subscriptions","organizations_url":"https://api.github.com/users/nitinneryalDev/orgs","repos_url":"https://api.github.com/users/nitinneryalDev/repos","events_url":"https://api.github.com/users/nitinneryalDev/events{/privacy}","received_events_url":"https://api.github.com/users/nitinneryalDev/received_events","type":"User","site_admin":false,"name":"Nitin Neryal","company":null,"blog":"","location":"Shimla ","email":null,"hireable":null,"bio":"👋 Hi there! I'm Nitin Neryal, a passionate frontend developer with a love for crafting engaging and user-friendly web experiences.","twitter_username":null,"public_repos":2,"public_gists":0,"followers":1,"following":2,"created_at":"2024-01-10T02:49:18Z","updated_at":"2024-04-02T16:10:49Z","private_gists":0,"total_private_repos":6,"owned_private_repos":6,"disk_usage":480,"collaborators":0,"two_factor_authentication":false,"plan":{"name":"free","space":976562499,"collaborators":0,"private_repos":10000}}
[info] 
[info] +  Success! Logged into GitHub as nitinneryalDev 
[info] 
